<?xml version="1.0" encoding="UTF-8"?>
<testsuites name="jest tests" tests="2" failures="1" errors="0" time="479.592">
  <testsuite name="tests-presets\presets-editor-item-menu.tests.ts" errors="0" failures="1" skipped="1" timestamp="2025-09-29T12:59:39" time="478.072" tests="2">
    <testcase classname=" Preset edit, context menu - defaut toolbox matrices" name=" Preset edit, context menu - defaut toolbox matrices" time="0">
      <skipped/>
    </testcase>
    <testcase classname=" Preset edit, context menu - check actions" name=" Preset edit, context menu - check actions" time="472.23">
      <failure>TypeError: Cannot read properties of undefined (reading &apos;actions&apos;)
    at CreatorPresetEditorModelTester.Object.&lt;anonymous&gt;.CreatorPresetEditorModelTester.getRowContextActions (C:\Projects\surveyjs\survey-creator\packages\survey-creator-core\tests-presets\presets-editor-item-menu.tests.ts:11:43)
    at Object.&lt;anonymous&gt; (C:\Projects\surveyjs\survey-creator\packages\survey-creator-core\tests-presets\presets-editor-item-menu.tests.ts:81:26)
    at Promise.then.completed (C:\Projects\surveyjs\survey-creator\packages\survey-creator-core\node_modules\jest-circus\build\utils.js:298:28)
    at new Promise (&lt;anonymous&gt;)
    at callAsyncCircusFn (C:\Projects\surveyjs\survey-creator\packages\survey-creator-core\node_modules\jest-circus\build\utils.js:231:10)
    at _callCircusTest (C:\Projects\surveyjs\survey-creator\packages\survey-creator-core\node_modules\jest-circus\build\run.js:316:40)
    at _runTest (C:\Projects\surveyjs\survey-creator\packages\survey-creator-core\node_modules\jest-circus\build\run.js:252:3)
    at _runTestsForDescribeBlock (C:\Projects\surveyjs\survey-creator\packages\survey-creator-core\node_modules\jest-circus\build\run.js:126:9)
    at run (C:\Projects\surveyjs\survey-creator\packages\survey-creator-core\node_modules\jest-circus\build\run.js:71:3)
    at runAndTransformResultsToJestFormat (C:\Projects\surveyjs\survey-creator\packages\survey-creator-core\node_modules\jest-circus\build\legacy-code-todo-rewrite\jestAdapterInit.js:122:21)
    at jestAdapter (C:\Projects\surveyjs\survey-creator\packages\survey-creator-core\node_modules\jest-circus\build\legacy-code-todo-rewrite\jestAdapter.js:79:19)
    at runTestInternal (C:\Projects\surveyjs\survey-creator\packages\survey-creator-core\node_modules\jest-runner\build\runTest.js:367:16)
    at runTest (C:\Projects\surveyjs\survey-creator\packages\survey-creator-core\node_modules\jest-runner\build\runTest.js:444:34)</failure>
    </testcase>
  </testsuite>
</testsuites>